MATLAB is running in headless mode.  Figure windows will not be displayed.
 
To get started, type one of these: helpwin, helpdesk, or demo.
For product information, visit www.mathworks.com.
 
Setting inputs...
solving...
iteration 1...
Elapsed time is 2.028317 seconds.
iteration 2...
Elapsed time is 1.760345 seconds.
iteration 3...
Elapsed time is 1.741455 seconds.
iteration 4...
Elapsed time is 1.739656 seconds.
iteration 5...
Elapsed time is 1.772071 seconds.
iteration 6...
Elapsed time is 1.729457 seconds.
iteration 7...
Elapsed time is 1.736565 seconds.
iteration 8...
Elapsed time is 1.728848 seconds.
iteration 9...
Elapsed time is 1.526774 seconds.
iteration 10...
Elapsed time is 1.370616 seconds.
iteration 11...
Elapsed time is 1.528785 seconds.
iteration 12...
Elapsed time is 1.547477 seconds.
iteration 13...
Elapsed time is 1.538993 seconds.
iteration 14...
Elapsed time is 1.800587 seconds.
iteration 15...
Elapsed time is 1.529252 seconds.
iteration 16...
Elapsed time is 1.542030 seconds.
iteration 17...
Elapsed time is 1.674843 seconds.
iteration 18...
Elapsed time is 1.809154 seconds.
iteration 19...
Elapsed time is 1.758023 seconds.
iteration 20...
Elapsed time is 1.760205 seconds.
iteration 21...
Elapsed time is 1.822966 seconds.
iteration 22...
Elapsed time is 1.789254 seconds.
iteration 23...
Elapsed time is 1.781783 seconds.
iteration 24...
Elapsed time is 1.770885 seconds.
iteration 25...
Elapsed time is 1.791653 seconds.
iteration 26...
Elapsed time is 1.779198 seconds.
iteration 27...
Elapsed time is 1.769420 seconds.
iteration 28...
Elapsed time is 1.849578 seconds.
iteration 29...
Elapsed time is 1.830600 seconds.
iteration 30...
Elapsed time is 1.784462 seconds.
iteration 31...
Elapsed time is 1.771666 seconds.
iteration 32...
Elapsed time is 1.792996 seconds.
iteration 33...
Elapsed time is 1.576794 seconds.
iteration 34...
Elapsed time is 1.512195 seconds.
iteration 35...
Elapsed time is 1.523812 seconds.
iteration 36...
Elapsed time is 1.506836 seconds.
iteration 37...
Elapsed time is 1.517433 seconds.
iteration 38...
Elapsed time is 1.532594 seconds.
iteration 39...
Elapsed time is 1.535157 seconds.
iteration 40...
Elapsed time is 1.543081 seconds.
iteration 41...
Elapsed time is 1.522038 seconds.
iteration 42...
Elapsed time is 1.551387 seconds.
iteration 43...
Elapsed time is 1.575908 seconds.
iteration 44...
Elapsed time is 1.563190 seconds.
iteration 45...
Elapsed time is 1.552339 seconds.
iteration 46...
Elapsed time is 1.673356 seconds.
iteration 47...
Elapsed time is 1.618292 seconds.
iteration 48...
Elapsed time is 1.554303 seconds.
iteration 49...
Elapsed time is 1.572463 seconds.
iteration 50...
Elapsed time is 1.551836 seconds.
iteration 51...
Elapsed time is 1.532295 seconds.
iteration 52...
Elapsed time is 1.527625 seconds.
iteration 53...
Elapsed time is 1.653968 seconds.
iteration 54...
Elapsed time is 1.556120 seconds.
iteration 55...
Elapsed time is 1.542027 seconds.
iteration 56...
Elapsed time is 1.577856 seconds.
iteration 57...
Elapsed time is 1.622850 seconds.
iteration 58...
Elapsed time is 1.544784 seconds.
iteration 59...
Elapsed time is 1.410067 seconds.
iteration 60...
Elapsed time is 1.415841 seconds.
iteration 61...
Elapsed time is 1.709995 seconds.
iteration 62...
Elapsed time is 1.710868 seconds.
iteration 63...
Elapsed time is 1.856461 seconds.
iteration 64...
Elapsed time is 1.978723 seconds.
iteration 65...
Elapsed time is 1.969651 seconds.
iteration 66...
Elapsed time is 1.724295 seconds.
iteration 67...
Elapsed time is 1.467422 seconds.
iteration 68...
Elapsed time is 1.460526 seconds.
iteration 69...
Elapsed time is 1.491050 seconds.
iteration 70...
Elapsed time is 1.492355 seconds.
iteration 71...
Elapsed time is 1.523399 seconds.
iteration 72...
Elapsed time is 1.497615 seconds.
iteration 73...
Elapsed time is 1.487724 seconds.
iteration 74...
Elapsed time is 1.779137 seconds.
iteration 75...
Elapsed time is 1.741143 seconds.
iteration 76...
Elapsed time is 1.807648 seconds.
iteration 77...
Elapsed time is 1.801740 seconds.
iteration 78...
Elapsed time is 1.776078 seconds.
iteration 79...
Elapsed time is 1.758360 seconds.
iteration 80...
Elapsed time is 1.986774 seconds.
iteration 81...
Elapsed time is 1.512595 seconds.
iteration 82...
Elapsed time is 1.481141 seconds.
iteration 83...
Elapsed time is 1.488517 seconds.
iteration 84...
Elapsed time is 1.413664 seconds.
iteration 85...
Elapsed time is 1.429208 seconds.
iteration 86...
Elapsed time is 1.442729 seconds.
iteration 87...
Elapsed time is 1.501597 seconds.
iteration 88...
Elapsed time is 1.457173 seconds.
iteration 89...
Elapsed time is 1.453675 seconds.
iteration 90...
Elapsed time is 1.440839 seconds.
iteration 91...
Elapsed time is 1.476462 seconds.
iteration 92...
Elapsed time is 1.482157 seconds.
iteration 93...
Elapsed time is 1.478502 seconds.
iteration 94...
Elapsed time is 1.468712 seconds.
iteration 95...
Elapsed time is 1.479140 seconds.
iteration 96...
Elapsed time is 1.459915 seconds.
iteration 97...
Elapsed time is 1.445892 seconds.
iteration 98...
Elapsed time is 1.455632 seconds.
iteration 99...
Elapsed time is 1.666673 seconds.
iteration 100...
Elapsed time is 1.526999 seconds.
