MATLAB is running in headless mode.  Figure windows will not be displayed.
 
To get started, type one of these: helpwin, helpdesk, or demo.
For product information, visit www.mathworks.com.
 
Loaded images with dimensions 200x250 pixels
Creating variables and setting inputs
Adding factors
Graph construction time: 6.0 seconds
Starting solver (BP)
Iteration: 1
Elapsed time is 3.109660 seconds.
Iteration: 2
Elapsed time is 2.368262 seconds.
Iteration: 3
Elapsed time is 2.075802 seconds.
Iteration: 4
Elapsed time is 2.214087 seconds.
Iteration: 5
Elapsed time is 2.303041 seconds.
Iteration: 6
Elapsed time is 2.008920 seconds.
Iteration: 7
Elapsed time is 2.170176 seconds.
Iteration: 8
Elapsed time is 2.207483 seconds.
Iteration: 9
Elapsed time is 2.378322 seconds.
Iteration: 10
Elapsed time is 2.411237 seconds.
Iteration: 11
Elapsed time is 2.333598 seconds.
Iteration: 12
Elapsed time is 2.376566 seconds.
Iteration: 13
Elapsed time is 2.342647 seconds.
Iteration: 14
Elapsed time is 2.360091 seconds.
Iteration: 15
Elapsed time is 2.216444 seconds.
Iteration: 16
Elapsed time is 2.070552 seconds.
Iteration: 17
Elapsed time is 2.040160 seconds.
Iteration: 18
Elapsed time is 1.921933 seconds.
Iteration: 19
Elapsed time is 2.033541 seconds.
Iteration: 20
Elapsed time is 2.000922 seconds.
Iteration: 21
Elapsed time is 1.914792 seconds.
Iteration: 22
Elapsed time is 1.899258 seconds.
Iteration: 23
Elapsed time is 2.088746 seconds.
Iteration: 24
Elapsed time is 2.165992 seconds.
Iteration: 25
Elapsed time is 2.368252 seconds.
Solve time: 82.6 seconds
Score of result (BP): 113894.873745
