MATLAB is running in headless mode.  Figure windows will not be displayed.
 
To get started, type one of these: helpwin, helpdesk, or demo.
For product information, visit www.mathworks.com.
 
Setting inputs...
horizontal factors...
vertical factors...
Elapsed time is 1.978974 seconds.
solving...
iteration 1
Elapsed time is 1.829788 seconds.
iteration 2
Elapsed time is 1.231248 seconds.
iteration 3
Elapsed time is 1.197434 seconds.
iteration 4
Elapsed time is 1.193702 seconds.
iteration 5
Elapsed time is 1.181827 seconds.
iteration 6
Elapsed time is 1.155611 seconds.
iteration 7
Elapsed time is 1.424309 seconds.
iteration 8
Elapsed time is 1.409711 seconds.
iteration 9
Elapsed time is 1.390300 seconds.
iteration 10
Elapsed time is 1.391129 seconds.
iteration 11
Elapsed time is 1.438493 seconds.
iteration 12
Elapsed time is 1.481389 seconds.
iteration 13
Elapsed time is 1.386114 seconds.
iteration 14
Elapsed time is 1.363457 seconds.
iteration 15
Elapsed time is 1.230135 seconds.
iteration 16
Elapsed time is 1.173058 seconds.
iteration 17
Elapsed time is 1.175643 seconds.
iteration 18
Elapsed time is 1.251816 seconds.
iteration 19
Elapsed time is 1.269725 seconds.
iteration 20
Elapsed time is 1.245786 seconds.
