MATLAB is running in headless mode.  Figure windows will not be displayed.
 
To get started, type one of these: helpwin, helpdesk, or demo.
For product information, visit www.mathworks.com.
 
setting params...
remove chunk...
create blocks...
create horizontal and veritcal differences...
creating graph...
holding samples...
solving...
Elapsed time is 11.300806 seconds.
Elapsed time is 12.481359 seconds.
Elapsed time is 11.040713 seconds.
Elapsed time is 11.276546 seconds.
Elapsed time is 11.477405 seconds.
Elapsed time is 10.961820 seconds.
Elapsed time is 11.251833 seconds.
Elapsed time is 11.364952 seconds.
Elapsed time is 11.593987 seconds.
Elapsed time is 11.119154 seconds.
